<?xml version="1.0" encoding="UTF-8"?>
<testsuite xmlns:xsi="http://www.w3.org/2001/XMLSchema-instance" xsi:noNamespaceSchemaLocation="https://maven.apache.org/surefire/maven-surefire-plugin/xsd/surefire-test-report.xsd" name="com.learn.MealTest" time="0.052" tests="21" errors="0" skipped="0" failures="0">
  <properties>
    <property name="java.specification.version" value="16"/>
    <property name="sun.cpu.isalist" value="amd64"/>
    <property name="sun.jnu.encoding" value="Cp1250"/>
    <property name="java.class.path" value="C:\Users\karol.wasyliszyn\IdeaProjects\JunitTest\target\test-classes;C:\Users\karol.wasyliszyn\IdeaProjects\JunitTest\target\classes;C:\Users\karol.wasyliszyn\.m2\repository\org\junit\jupiter\junit-jupiter-engine\5.8.0-RC1\junit-jupiter-engine-5.8.0-RC1.jar;C:\Users\karol.wasyliszyn\.m2\repository\org\junit\platform\junit-platform-engine\1.8.0-RC1\junit-platform-engine-1.8.0-RC1.jar;C:\Users\karol.wasyliszyn\.m2\repository\org\apiguardian\apiguardian-api\1.1.2\apiguardian-api-1.1.2.jar;C:\Users\karol.wasyliszyn\.m2\repository\org\junit\jupiter\junit-jupiter-api\5.8.0-RC1\junit-jupiter-api-5.8.0-RC1.jar;C:\Users\karol.wasyliszyn\.m2\repository\org\opentest4j\opentest4j\1.2.0\opentest4j-1.2.0.jar;C:\Users\karol.wasyliszyn\.m2\repository\org\junit\platform\junit-platform-commons\1.8.0-RC1\junit-platform-commons-1.8.0-RC1.jar;C:\Users\karol.wasyliszyn\.m2\repository\org\junit\platform\junit-platform-launcher\1.7.2\junit-platform-launcher-1.7.2.jar;C:\Users\karol.wasyliszyn\.m2\repository\org\hamcrest\hamcrest\2.2\hamcrest-2.2.jar;C:\Users\karol.wasyliszyn\.m2\repository\org\assertj\assertj-core\3.20.2\assertj-core-3.20.2.jar;C:\Users\karol.wasyliszyn\.m2\repository\org\junit\jupiter\junit-jupiter-params\5.7.2\junit-jupiter-params-5.7.2.jar;C:\Users\karol.wasyliszyn\.m2\repository\org\junit\vintage\junit-vintage-engine\5.7.2\junit-vintage-engine-5.7.2.jar;C:\Users\karol.wasyliszyn\.m2\repository\junit\junit\4.13\junit-4.13.jar;C:\Users\karol.wasyliszyn\.m2\repository\org\hamcrest\hamcrest-core\1.3\hamcrest-core-1.3.jar;C:\Users\karol.wasyliszyn\.m2\repository\org\mockito\mockito-core\3.12.4\mockito-core-3.12.4.jar;C:\Users\karol.wasyliszyn\.m2\repository\net\bytebuddy\byte-buddy\1.11.13\byte-buddy-1.11.13.jar;C:\Users\karol.wasyliszyn\.m2\repository\net\bytebuddy\byte-buddy-agent\1.11.13\byte-buddy-agent-1.11.13.jar;C:\Users\karol.wasyliszyn\.m2\repository\org\objenesis\objenesis\3.2\objenesis-3.2.jar;"/>
    <property name="java.vm.vendor" value="Oracle Corporation"/>
    <property name="sun.arch.data.model" value="64"/>
    <property name="user.variant" value=""/>
    <property name="java.vendor.url" value="https://java.oracle.com/"/>
    <property name="user.timezone" value="Europe/Warsaw"/>
    <property name="os.name" value="Windows 10"/>
    <property name="java.vm.specification.version" value="16"/>
    <property name="sun.java.launcher" value="SUN_STANDARD"/>
    <property name="user.country" value="US"/>
    <property name="sun.boot.library.path" value="C:\Program Files\Java\jdk-16.0.2\bin"/>
    <property name="sun.java.command" value="C:\Users\KAROL~1.WAS\AppData\Local\Temp\surefire13047097547281609523\surefirebooter2524342473527042533.jar C:\Users\karol.wasyliszyn\AppData\Local\Temp\surefire13047097547281609523 2021-09-01T18-43-56_263-jvmRun1 surefire1125443015221617942tmp surefire_07873284392963724051tmp"/>
    <property name="jdk.debug" value="release"/>
    <property name="surefire.test.class.path" value="C:\Users\karol.wasyliszyn\IdeaProjects\JunitTest\target\test-classes;C:\Users\karol.wasyliszyn\IdeaProjects\JunitTest\target\classes;C:\Users\karol.wasyliszyn\.m2\repository\org\junit\jupiter\junit-jupiter-engine\5.8.0-RC1\junit-jupiter-engine-5.8.0-RC1.jar;C:\Users\karol.wasyliszyn\.m2\repository\org\junit\platform\junit-platform-engine\1.8.0-RC1\junit-platform-engine-1.8.0-RC1.jar;C:\Users\karol.wasyliszyn\.m2\repository\org\apiguardian\apiguardian-api\1.1.2\apiguardian-api-1.1.2.jar;C:\Users\karol.wasyliszyn\.m2\repository\org\junit\jupiter\junit-jupiter-api\5.8.0-RC1\junit-jupiter-api-5.8.0-RC1.jar;C:\Users\karol.wasyliszyn\.m2\repository\org\opentest4j\opentest4j\1.2.0\opentest4j-1.2.0.jar;C:\Users\karol.wasyliszyn\.m2\repository\org\junit\platform\junit-platform-commons\1.8.0-RC1\junit-platform-commons-1.8.0-RC1.jar;C:\Users\karol.wasyliszyn\.m2\repository\org\junit\platform\junit-platform-launcher\1.7.2\junit-platform-launcher-1.7.2.jar;C:\Users\karol.wasyliszyn\.m2\repository\org\hamcrest\hamcrest\2.2\hamcrest-2.2.jar;C:\Users\karol.wasyliszyn\.m2\repository\org\assertj\assertj-core\3.20.2\assertj-core-3.20.2.jar;C:\Users\karol.wasyliszyn\.m2\repository\org\junit\jupiter\junit-jupiter-params\5.7.2\junit-jupiter-params-5.7.2.jar;C:\Users\karol.wasyliszyn\.m2\repository\org\junit\vintage\junit-vintage-engine\5.7.2\junit-vintage-engine-5.7.2.jar;C:\Users\karol.wasyliszyn\.m2\repository\junit\junit\4.13\junit-4.13.jar;C:\Users\karol.wasyliszyn\.m2\repository\org\hamcrest\hamcrest-core\1.3\hamcrest-core-1.3.jar;C:\Users\karol.wasyliszyn\.m2\repository\org\mockito\mockito-core\3.12.4\mockito-core-3.12.4.jar;C:\Users\karol.wasyliszyn\.m2\repository\net\bytebuddy\byte-buddy\1.11.13\byte-buddy-1.11.13.jar;C:\Users\karol.wasyliszyn\.m2\repository\net\bytebuddy\byte-buddy-agent\1.11.13\byte-buddy-agent-1.11.13.jar;C:\Users\karol.wasyliszyn\.m2\repository\org\objenesis\objenesis\3.2\objenesis-3.2.jar;"/>
    <property name="sun.cpu.endian" value="little"/>
    <property name="user.home" value="C:\Users\karol.wasyliszyn"/>
    <property name="user.language" value="en"/>
    <property name="java.specification.vendor" value="Oracle Corporation"/>
    <property name="java.version.date" value="2021-07-20"/>
    <property name="java.home" value="C:\Program Files\Java\jdk-16.0.2"/>
    <property name="file.separator" value="\"/>
    <property name="basedir" value="C:\Users\karol.wasyliszyn\IdeaProjects\JunitTest"/>
    <property name="java.vm.compressedOopsMode" value="Zero based"/>
    <property name="line.separator" value="&#10;"/>
    <property name="java.vm.specification.vendor" value="Oracle Corporation"/>
    <property name="java.specification.name" value="Java Platform API Specification"/>
    <property name="surefire.real.class.path" value="C:\Users\KAROL~1.WAS\AppData\Local\Temp\surefire13047097547281609523\surefirebooter2524342473527042533.jar"/>
    <property name="user.script" value=""/>
    <property name="sun.management.compiler" value="HotSpot 64-Bit Tiered Compilers"/>
    <property name="java.runtime.version" value="16.0.2+7-67"/>
    <property name="user.name" value="karol.wasyliszyn"/>
    <property name="path.separator" value=";"/>
    <property name="os.version" value="10.0"/>
    <property name="java.runtime.name" value="Java(TM) SE Runtime Environment"/>
    <property name="file.encoding" value="Cp1252"/>
    <property name="java.vm.name" value="Java HotSpot(TM) 64-Bit Server VM"/>
    <property name="localRepository" value="C:\Users\karol.wasyliszyn\.m2\repository"/>
    <property name="java.vendor.url.bug" value="https://bugreport.java.com/bugreport/"/>
    <property name="java.io.tmpdir" value="C:\Users\KAROL~1.WAS\AppData\Local\Temp\"/>
    <property name="java.version" value="16.0.2"/>
    <property name="user.dir" value="C:\Users\karol.wasyliszyn\IdeaProjects\JunitTest"/>
    <property name="os.arch" value="amd64"/>
    <property name="java.vm.specification.name" value="Java Virtual Machine Specification"/>
    <property name="sun.os.patch.level" value=""/>
    <property name="java.library.path" value="C:\Program Files\Java\jdk-16.0.2\bin;C:\Windows\Sun\Java\bin;C:\Windows\system32;C:\Windows;C:\Program Files\Java\jdk-16.0.2;C:\Program Files\Common Files\Oracle\Java\javapath;C:\Windows\system32;C:\Windows;C:\Windows\System32\Wbem;C:\Windows\System32\WindowsPowerShell\v1.0\;C:\Windows\System32\OpenSSH\;C:\Program Files\Git\cmd;C:\Program Files\Java\jdk-16.0.2\bin;C:\Program Files\apache-maven-3.8.2-bin\apache-maven-3.8.2\bin;C:\Users\karol.wasyliszyn\AppData\Local\Microsoft\WindowsApps;;C:\Users\karol.wasyliszyn\AppData\Local\Programs\Microsoft VS Code\bin;."/>
    <property name="java.vm.info" value="mixed mode, sharing"/>
    <property name="java.vendor" value="Oracle Corporation"/>
    <property name="java.vm.version" value="16.0.2+7-67"/>
    <property name="sun.io.unicode.encoding" value="UnicodeLittle"/>
    <property name="java.class.version" value="60.0"/>
  </properties>
  <testcase name="referencesToTheSameObjectsShouldBeEqual" classname="com.learn.MealTest" time="0"/>
  <testcase name="mealPricesShouldBeLowerThan10{int}[1]" classname="com.learn.MealTest" time="0"/>
  <testcase name="mealPricesShouldBeLowerThan10{int}[2]" classname="com.learn.MealTest" time="0.001"/>
  <testcase name="mealPricesShouldBeLowerThan10{int}[3]" classname="com.learn.MealTest" time="0"/>
  <testcase name="mealPricesShouldBeLowerThan10{int}[4]" classname="com.learn.MealTest" time="0.019"/>
  <testcase name="mealPricesShouldBeLowerThan20{int}[1]" classname="com.learn.MealTest" time="0"/>
  <testcase name="mealPricesShouldBeLowerThan20{int}[2]" classname="com.learn.MealTest" time="0"/>
  <testcase name="mealPricesShouldBeLowerThan20{int}[3]" classname="com.learn.MealTest" time="0"/>
  <testcase name="mealPricesShouldBeLowerThan20{int}[4]" classname="com.learn.MealTest" time="0"/>
  <testcase name="cakeNamesShouldEndWithCake{String}[1]" classname="com.learn.MealTest" time="0.001"/>
  <testcase name="cakeNamesShouldEndWithCake{String}[2]" classname="com.learn.MealTest" time="0"/>
  <testcase name="cakeNamesShouldEndWithCake{String}[3]" classname="com.learn.MealTest" time="0.001"/>
  <testcase name="referencesToTheDifferentObjectsShouldBeEqual" classname="com.learn.MealTest" time="0.001"/>
  <testcase name="twoMealsShouldBeEqualWhenPriceAndNameAreTheSame" classname="com.learn.MealTest" time="0.002"/>
  <testcase name="burgersShouldHaveCorrectNameAndPrice{String, int}[1]" classname="com.learn.MealTest" time="0"/>
  <testcase name="burgersShouldHaveCorrectNameAndPrice{String, int}[2]" classname="com.learn.MealTest" time="0.001"/>
  <testcase name="shouldReturnDiscountedPrice" classname="com.learn.MealTest" time="0.005"/>
  <testcase name="exceptionShouldBeThrownIfDiscountIsHigherThanThePrice" classname="com.learn.MealTest" time="0.001"/>
  <testcase name="calculateMealPrices[1]" classname="com.learn.MealTest" time="0.001"/>
  <testcase name="calculateMealPrices[2]" classname="com.learn.MealTest" time="0"/>
  <testcase name="calculateMealPrices[3]" classname="com.learn.MealTest" time="0"/>
</testsuite>